<?xml version="1.0" encoding="UTF-8"?>
<!-- Generated by org.testng.reporters.JUnitXMLReporter -->
<testsuite ignored="1" hostname="DESKTOP-NBEVFU4" failures="0" tests="1" name="Default test" time="9.972" errors="0" timestamp="2023-04-17T18:45:00 GST">
  <testcase classname="com.demowebshop.testscripts.HomeTest" name="TC001_verifyHomePageTitle" time="2.181"/>
  <testcase classname="com.demowebshop.testscripts.HomeTest" name="TC_002_verifySubscribeEmailMessage" time="0.0">
    <ignored/>
  </testcase> <!-- TC_002_verifySubscribeEmailMessage -->
</testsuite> <!-- Default test -->
