<?xml version="1.0" encoding="UTF-8"?>
<!-- Generated by org.testng.reporters.JUnitXMLReporter -->
<testsuite ignored="5" hostname="DESKTOP-NBEVFU4" failures="0" tests="1" name="parameter testing grouping" time="4.204" errors="0" timestamp="2023-04-17T18:00:08 GST">
  <testcase classname="com.demowebshop.testscripts.HomeTest" name="TC001_verifyHomePageTitle" time="0.485"/>
  <testcase classname="com.demowebshop.testscripts.HomeTest" name="TC_002_verifySubscribeEmailMessage" time="0.0">
    <ignored/>
  </testcase> <!-- TC_002_verifySubscribeEmailMessage -->
  <testcase classname="com.demowebshop.testscripts.LoginTest" name="TC004_verifyLoginusingInvalidcredentials" time="0.0">
    <ignored/>
  </testcase> <!-- TC004_verifyLoginusingInvalidcredentials -->
  <testcase classname="com.demowebshop.testscripts.LoginTest" name="TC004_verifyLoginusingvalidcredentials" time="0.0">
    <ignored/>
  </testcase> <!-- TC004_verifyLoginusingvalidcredentials -->
  <testcase classname="com.demowebshop.testscripts.LoginTest" name="TC003_verifyLoginPageTitle" time="0.0">
    <ignored/>
  </testcase> <!-- TC003_verifyLoginPageTitle -->
  <testcase classname="com.demowebshop.testscripts.RegisterTest" name="TC003_verifyRegistration" time="0.0">
    <ignored/>
  </testcase> <!-- TC003_verifyRegistration -->
</testsuite> <!-- parameter testing grouping -->
