<?xml version="1.0" encoding="UTF-8"?>
<testng-results ignored="1" total="2" passed="1" failed="0" skipped="0">
  <reporter-output>
  </reporter-output>
  <suite started-at="2023-04-17T18:47:09 GST" name="Cross Browser testing Suite" finished-at="2023-04-17T18:47:18 GST" duration-ms="8775">
    <groups>
      <group name="smoke">
        <method signature="HomeTest.TC001_verifyHomePageTitle()[pri:1, instance:com.demowebshop.testscripts.HomeTest@3b79fd76]" name="TC001_verifyHomePageTitle" class="com.demowebshop.testscripts.HomeTest"/>
      </group> <!-- smoke -->
    </groups>
    <test started-at="2023-04-17T18:47:09 GST" name="Chrome Test" finished-at="2023-04-17T18:47:18 GST" duration-ms="8775">
      <class name="com.demowebshop.testscripts.HomeTest">
        <test-method is-config="true" signature="setExtent(org.testng.ITestContext)[pri:0, instance:com.demowebshop.testscripts.HomeTest@3b79fd76]" started-at="2023-04-17T18:47:09 GST" name="setExtent" finished-at="2023-04-17T18:47:09 GST" duration-ms="38" status="PASS">
          <params>
            <param index="0">
              <value>
                <![CDATA[org.testng.TestRunner@1da1380b]]>
              </value>
            </param>
          </params>
          <reporter-output>
          </reporter-output>
        </test-method> <!-- setExtent -->
        <test-method is-config="true" signature="setUP(java.lang.String)[pri:0, instance:com.demowebshop.testscripts.HomeTest@3b79fd76]" started-at="2023-04-17T18:47:09 GST" name="setUP" finished-at="2023-04-17T18:47:16 GST" duration-ms="6946" status="PASS">
          <params>
            <param index="0">
              <value>
                <![CDATA[chrome]]>
              </value>
            </param>
          </params>
          <reporter-output>
          </reporter-output>
        </test-method> <!-- setUP -->
        <test-method signature="TC001_verifyHomePageTitle()[pri:1, instance:com.demowebshop.testscripts.HomeTest@3b79fd76]" started-at="2023-04-17T18:47:16 GST" name="TC001_verifyHomePageTitle" description="TC001 verify Home Page Title" finished-at="2023-04-17T18:47:18 GST" duration-ms="1694" status="PASS">
          <reporter-output>
          </reporter-output>
        </test-method> <!-- TC001_verifyHomePageTitle -->
        <test-method is-config="true" signature="tearDown(org.testng.ITestResult)[pri:0, instance:com.demowebshop.testscripts.HomeTest@3b79fd76]" started-at="2023-04-17T18:47:18 GST" name="tearDown" finished-at="2023-04-17T18:47:18 GST" duration-ms="2" status="PASS">
          <params>
            <param index="0">
              <value>
                <![CDATA[[TestResult name=TC001_verifyHomePageTitle status=SUCCESS method=HomeTest.TC001_verifyHomePageTitle()[pri:1, instance:com.demowebshop.testscripts.HomeTest@3b79fd76] output={null}]]]>
              </value>
            </param>
          </params>
          <reporter-output>
          </reporter-output>
        </test-method> <!-- tearDown -->
      </class> <!-- com.demowebshop.testscripts.HomeTest -->
    </test> <!-- Chrome Test -->
  </suite> <!-- Cross Browser testing Suite -->
</testng-results>
